{"D:\\OneDrive\\Desktop\\work-order-tracker\\server\\src\\app.ts": {"path":"D:\\OneDrive\\Desktop\\work-order-tracker\\server\\src\\app.ts","statementMap":{"0":{"start":{"line":5,"column":12},"end":{"line":5,"column":20}},"1":{"start":{"line":7,"column":0},"end":{"line":7,"column":null}},"2":{"start":{"line":9,"column":0},"end":{"line":9,"column":null}},"3":{"start":{"line":9,"column":34},"end":{"line":9,"column":72}},"4":{"start":{"line":10,"column":0},"end":{"line":10,"column":null}},"5":{"start":{"line":11,"column":0},"end":{"line":11,"column":null}},"6":{"start":{"line":14,"column":0},"end":{"line":14,"column":null}}},"fnMap":{"0":{"name":"(anonymous_0)","decl":{"start":{"line":9,"column":8},"end":{"line":9,"column":20}},"loc":{"start":{"line":9,"column":34},"end":{"line":9,"column":72}},"line":9}},"branchMap":{},"s":{"0":1,"1":1,"2":1,"3":0,"4":1,"5":1,"6":1},"f":{"0":0},"b":{},"meta":{"lastBranch":0,"lastFunction":1,"lastStatement":7,"seen":{"s:5:12:5:20":0,"s:7:0:7:Infinity":1,"s:9:0:9:Infinity":2,"f:9:8:9:20":0,"s:9:34:9:72":3,"s:10:0:10:Infinity":4,"s:11:0:11:Infinity":5,"s:14:0:14:Infinity":6},"fnNames":{}}}
,"D:\\OneDrive\\Desktop\\work-order-tracker\\server\\src\\config.ts": {"path":"D:\\OneDrive\\Desktop\\work-order-tracker\\server\\src\\config.ts","statementMap":{"0":{"start":{"line":3,"column":0},"end":{"line":3,"column":null}},"1":{"start":{"line":5,"column":19},"end":{"line":5,"column":null}},"2":{"start":{"line":7,"column":0},"end":{"line":9,"column":null}},"3":{"start":{"line":8,"column":2},"end":{"line":8,"column":null}},"4":{"start":{"line":11,"column":22},"end":{"line":14,"column":null}}},"fnMap":{},"branchMap":{"0":{"loc":{"start":{"line":7,"column":0},"end":{"line":9,"column":null}},"type":"if","locations":[{"start":{"line":7,"column":0},"end":{"line":9,"column":null}},{"start":{},"end":{}}],"line":7},"1":{"loc":{"start":{"line":12,"column":8},"end":{"line":12,"column":null}},"type":"binary-expr","locations":[{"start":{"line":12,"column":8},"end":{"line":12,"column":36}},{"start":{"line":12,"column":36},"end":{"line":12,"column":null}}],"line":12}},"s":{"0":2,"1":2,"2":2,"3":0,"4":2},"f":{},"b":{"0":[0,2],"1":[2,0]},"meta":{"lastBranch":2,"lastFunction":0,"lastStatement":5,"seen":{"s:3:0:3:Infinity":0,"s:5:19:5:Infinity":1,"b:7:0:9:Infinity:undefined:undefined:undefined:undefined":0,"s:7:0:9:Infinity":2,"s:8:2:8:Infinity":3,"s:11:22:14:Infinity":4,"b:12:8:12:36:12:36:12:Infinity":1},"fnNames":{}}}
,"D:\\OneDrive\\Desktop\\work-order-tracker\\server\\src\\domain\\schemas.ts": {"path":"D:\\OneDrive\\Desktop\\work-order-tracker\\server\\src\\domain\\schemas.ts","statementMap":{"0":{"start":{"line":4,"column":36},"end":{"line":7,"column":null}},"1":{"start":{"line":10,"column":37},"end":{"line":16,"column":null}},"2":{"start":{"line":19,"column":37},"end":{"line":19,"column":null}}},"fnMap":{},"branchMap":{},"s":{"0":1,"1":1,"2":1},"f":{},"b":{},"meta":{"lastBranch":0,"lastFunction":0,"lastStatement":3,"seen":{"s:4:36:7:Infinity":0,"s:10:37:16:Infinity":1,"s:19:37:19:Infinity":2},"fnNames":{}}}
,"D:\\OneDrive\\Desktop\\work-order-tracker\\server\\src\\domain\\workOrder.ts": {"path":"D:\\OneDrive\\Desktop\\work-order-tracker\\server\\src\\domain\\workOrder.ts","statementMap":{},"fnMap":{},"branchMap":{},"s":{},"f":{},"b":{},"meta":{"lastBranch":0,"lastFunction":0,"lastStatement":0,"seen":{},"fnNames":{}}}
,"D:\\OneDrive\\Desktop\\work-order-tracker\\server\\src\\middleware\\errorHandler.ts": {"path":"D:\\OneDrive\\Desktop\\work-order-tracker\\server\\src\\middleware\\errorHandler.ts","statementMap":{"0":{"start":{"line":3,"column":13},"end":{"line":68,"column":null}},"1":{"start":{"line":11,"column":4},"end":{"line":13,"column":null}},"2":{"start":{"line":15,"column":2},"end":{"line":29,"column":null}},"3":{"start":{"line":16,"column":22},"end":{"line":16,"column":null}},"4":{"start":{"line":17,"column":20},"end":{"line":20,"column":null}},"5":{"start":{"line":17,"column":47},"end":{"line":20,"column":6}},"6":{"start":{"line":22,"column":4},"end":{"line":28,"column":null}},"7":{"start":{"line":32,"column":2},"end":{"line":39,"column":null}},"8":{"start":{"line":33,"column":4},"end":{"line":38,"column":null}},"9":{"start":{"line":42,"column":2},"end":{"line":49,"column":null}},"10":{"start":{"line":43,"column":4},"end":{"line":48,"column":null}},"11":{"start":{"line":52,"column":2},"end":{"line":59,"column":null}},"12":{"start":{"line":53,"column":4},"end":{"line":58,"column":null}},"13":{"start":{"line":62,"column":2},"end":{"line":67,"column":null}}},"fnMap":{"0":{"name":"(anonymous_0)","decl":{"start":{"line":3,"column":13},"end":{"line":3,"column":null}},"loc":{"start":{"line":8,"column":5},"end":{"line":68,"column":null}},"line":8},"1":{"name":"(anonymous_1)","decl":{"start":{"line":17,"column":30},"end":{"line":17,"column":35}},"loc":{"start":{"line":17,"column":47},"end":{"line":20,"column":6}},"line":17}},"branchMap":{"0":{"loc":{"start":{"line":11,"column":4},"end":{"line":13,"column":null}},"type":"binary-expr","locations":[{"start":{"line":11,"column":4},"end":{"line":11,"column":null}},{"start":{"line":12,"column":4},"end":{"line":12,"column":null}},{"start":{"line":13,"column":4},"end":{"line":13,"column":null}}],"line":11},"1":{"loc":{"start":{"line":15,"column":2},"end":{"line":29,"column":null}},"type":"if","locations":[{"start":{"line":15,"column":2},"end":{"line":29,"column":null}},{"start":{},"end":{}}],"line":15},"2":{"loc":{"start":{"line":16,"column":22},"end":{"line":16,"column":null}},"type":"binary-expr","locations":[{"start":{"line":16,"column":22},"end":{"line":16,"column":36}},{"start":{"line":16,"column":36},"end":{"line":16,"column":50}},{"start":{"line":16,"column":50},"end":{"line":16,"column":null}}],"line":16},"3":{"loc":{"start":{"line":18,"column":13},"end":{"line":18,"column":null}},"type":"cond-expr","locations":[{"start":{"line":18,"column":37},"end":{"line":18,"column":56}},{"start":{"line":18,"column":56},"end":{"line":18,"column":null}}],"line":18},"4":{"loc":{"start":{"line":18,"column":63},"end":{"line":18,"column":75}},"type":"binary-expr","locations":[{"start":{"line":18,"column":63},"end":{"line":18,"column":73}},{"start":{"line":18,"column":73},"end":{"line":18,"column":75}}],"line":18},"5":{"loc":{"start":{"line":19,"column":13},"end":{"line":19,"column":null}},"type":"binary-expr","locations":[{"start":{"line":19,"column":13},"end":{"line":19,"column":26}},{"start":{"line":19,"column":26},"end":{"line":19,"column":null}}],"line":19},"6":{"loc":{"start":{"line":25,"column":17},"end":{"line":25,"column":null}},"type":"binary-expr","locations":[{"start":{"line":25,"column":17},"end":{"line":25,"column":38}},{"start":{"line":25,"column":38},"end":{"line":25,"column":null}}],"line":25},"7":{"loc":{"start":{"line":32,"column":2},"end":{"line":39,"column":null}},"type":"if","locations":[{"start":{"line":32,"column":2},"end":{"line":39,"column":null}},{"start":{},"end":{}}],"line":32},"8":{"loc":{"start":{"line":36,"column":17},"end":{"line":36,"column":null}},"type":"binary-expr","locations":[{"start":{"line":36,"column":17},"end":{"line":36,"column":32}},{"start":{"line":36,"column":32},"end":{"line":36,"column":null}}],"line":36},"9":{"loc":{"start":{"line":42,"column":2},"end":{"line":49,"column":null}},"type":"if","locations":[{"start":{"line":42,"column":2},"end":{"line":49,"column":null}},{"start":{},"end":{}}],"line":42},"10":{"loc":{"start":{"line":46,"column":17},"end":{"line":46,"column":null}},"type":"binary-expr","locations":[{"start":{"line":46,"column":17},"end":{"line":46,"column":32}},{"start":{"line":46,"column":32},"end":{"line":46,"column":null}}],"line":46},"11":{"loc":{"start":{"line":52,"column":2},"end":{"line":59,"column":null}},"type":"if","locations":[{"start":{"line":52,"column":2},"end":{"line":59,"column":null}},{"start":{},"end":{}}],"line":52}},"s":{"0":1,"1":2,"2":2,"3":1,"4":1,"5":1,"6":1,"7":1,"8":0,"9":1,"10":1,"11":0,"12":0,"13":0},"f":{"0":2,"1":1},"b":{"0":[2,1,1],"1":[1,1],"2":[1,1,0],"3":[1,0],"4":[0,0],"5":[1,0],"6":[1,0],"7":[0,1],"8":[0,0],"9":[1,0],"10":[1,0],"11":[0,0]},"meta":{"lastBranch":12,"lastFunction":2,"lastStatement":14,"seen":{"s:3:13:68:Infinity":0,"f:3:13:3:Infinity":0,"s:11:4:13:Infinity":1,"b:11:4:11:Infinity:12:4:12:Infinity:13:4:13:Infinity":0,"b:15:2:29:Infinity:undefined:undefined:undefined:undefined":1,"s:15:2:29:Infinity":2,"s:16:22:16:Infinity":3,"b:16:22:16:36:16:36:16:50:16:50:16:Infinity":2,"s:17:20:20:Infinity":4,"f:17:30:17:35":1,"s:17:47:20:6":5,"b:18:37:18:56:18:56:18:Infinity":3,"b:18:63:18:73:18:73:18:75":4,"b:19:13:19:26:19:26:19:Infinity":5,"s:22:4:28:Infinity":6,"b:25:17:25:38:25:38:25:Infinity":6,"b:32:2:39:Infinity:undefined:undefined:undefined:undefined":7,"s:32:2:39:Infinity":7,"s:33:4:38:Infinity":8,"b:36:17:36:32:36:32:36:Infinity":8,"b:42:2:49:Infinity:undefined:undefined:undefined:undefined":9,"s:42:2:49:Infinity":9,"s:43:4:48:Infinity":10,"b:46:17:46:32:46:32:46:Infinity":10,"b:52:2:59:Infinity:undefined:undefined:undefined:undefined":11,"s:52:2:59:Infinity":11,"s:53:4:58:Infinity":12,"s:62:2:67:Infinity":13},"fnNames":{}}}
,"D:\\OneDrive\\Desktop\\work-order-tracker\\server\\src\\middleware\\requireAuth.ts": {"path":"D:\\OneDrive\\Desktop\\work-order-tracker\\server\\src\\middleware\\requireAuth.ts","statementMap":{"0":{"start":{"line":10,"column":13},"end":{"line":32,"column":null}},"1":{"start":{"line":15,"column":21},"end":{"line":15,"column":null}},"2":{"start":{"line":16,"column":2},"end":{"line":20,"column":null}},"3":{"start":{"line":17,"column":4},"end":{"line":19,"column":null}},"4":{"start":{"line":22,"column":16},"end":{"line":22,"column":null}},"5":{"start":{"line":23,"column":2},"end":{"line":31,"column":null}},"6":{"start":{"line":24,"column":20},"end":{"line":24,"column":null}},"7":{"start":{"line":25,"column":4},"end":{"line":25,"column":null}},"8":{"start":{"line":26,"column":4},"end":{"line":26,"column":null}},"9":{"start":{"line":28,"column":4},"end":{"line":30,"column":null}}},"fnMap":{"0":{"name":"(anonymous_0)","decl":{"start":{"line":10,"column":13},"end":{"line":10,"column":null}},"loc":{"start":{"line":14,"column":5},"end":{"line":32,"column":null}},"line":14}},"branchMap":{"0":{"loc":{"start":{"line":16,"column":2},"end":{"line":20,"column":null}},"type":"if","locations":[{"start":{"line":16,"column":2},"end":{"line":20,"column":null}},{"start":{},"end":{}}],"line":16},"1":{"loc":{"start":{"line":16,"column":6},"end":{"line":16,"column":56}},"type":"binary-expr","locations":[{"start":{"line":16,"column":6},"end":{"line":16,"column":21}},{"start":{"line":16,"column":21},"end":{"line":16,"column":56}}],"line":16}},"s":{"0":2,"1":10,"2":10,"3":1,"4":9,"5":9,"6":9,"7":9,"8":9,"9":2},"f":{"0":10},"b":{"0":[1,9],"1":[10,9]},"meta":{"lastBranch":2,"lastFunction":1,"lastStatement":10,"seen":{"s:10:13:32:Infinity":0,"f:10:13:10:Infinity":0,"s:15:21:15:Infinity":1,"b:16:2:20:Infinity:undefined:undefined:undefined:undefined":0,"s:16:2:20:Infinity":2,"b:16:6:16:21:16:21:16:56":1,"s:17:4:19:Infinity":3,"s:22:16:22:Infinity":4,"s:23:2:31:Infinity":5,"s:24:20:24:Infinity":6,"s:25:4:25:Infinity":7,"s:26:4:26:Infinity":8,"s:28:4:30:Infinity":9},"fnNames":{}}}
,"D:\\OneDrive\\Desktop\\work-order-tracker\\server\\src\\middleware\\requireRole.ts": {"path":"D:\\OneDrive\\Desktop\\work-order-tracker\\server\\src\\middleware\\requireRole.ts","statementMap":{"0":{"start":{"line":4,"column":13},"end":{"line":13,"column":null}},"1":{"start":{"line":5,"column":2},"end":{"line":12,"column":null}},"2":{"start":{"line":6,"column":4},"end":{"line":10,"column":null}},"3":{"start":{"line":7,"column":6},"end":{"line":9,"column":null}},"4":{"start":{"line":11,"column":4},"end":{"line":11,"column":null}}},"fnMap":{"0":{"name":"(anonymous_0)","decl":{"start":{"line":4,"column":13},"end":{"line":4,"column":28}},"loc":{"start":{"line":4,"column":45},"end":{"line":13,"column":null}},"line":4},"1":{"name":"(anonymous_1)","decl":{"start":{"line":5,"column":2},"end":{"line":5,"column":10}},"loc":{"start":{"line":5,"column":75},"end":{"line":12,"column":null}},"line":5}},"branchMap":{"0":{"loc":{"start":{"line":6,"column":4},"end":{"line":10,"column":null}},"type":"if","locations":[{"start":{"line":6,"column":4},"end":{"line":10,"column":null}},{"start":{},"end":{}}],"line":6},"1":{"loc":{"start":{"line":6,"column":8},"end":{"line":6,"column":45}},"type":"binary-expr","locations":[{"start":{"line":6,"column":8},"end":{"line":6,"column":21}},{"start":{"line":6,"column":21},"end":{"line":6,"column":45}}],"line":6}},"s":{"0":2,"1":2,"2":3,"3":2,"4":1},"f":{"0":2,"1":3},"b":{"0":[2,1],"1":[3,3]},"meta":{"lastBranch":2,"lastFunction":2,"lastStatement":5,"seen":{"s:4:13:13:Infinity":0,"f:4:13:4:28":0,"s:5:2:12:Infinity":1,"f:5:2:5:10":1,"b:6:4:10:Infinity:undefined:undefined:undefined:undefined":0,"s:6:4:10:Infinity":2,"b:6:8:6:21:6:21:6:45":1,"s:7:6:9:Infinity":3,"s:11:4:11:Infinity":4},"fnNames":{}}}
,"D:\\OneDrive\\Desktop\\work-order-tracker\\server\\src\\repositories\\workOrderRepository.ts": {"path":"D:\\OneDrive\\Desktop\\work-order-tracker\\server\\src\\repositories\\workOrderRepository.ts","statementMap":{"0":{"start":{"line":5,"column":30},"end":{"line":5,"column":null}},"1":{"start":{"line":7,"column":35},"end":{"line":43,"column":null}},"2":{"start":{"line":9,"column":17},"end":{"line":9,"column":null}},"3":{"start":{"line":10,"column":4},"end":{"line":12,"column":null}},"4":{"start":{"line":11,"column":6},"end":{"line":11,"column":null}},"5":{"start":{"line":11,"column":37},"end":{"line":11,"column":65}},"6":{"start":{"line":13,"column":4},"end":{"line":15,"column":null}},"7":{"start":{"line":14,"column":6},"end":{"line":14,"column":null}},"8":{"start":{"line":14,"column":37},"end":{"line":14,"column":69}},"9":{"start":{"line":16,"column":4},"end":{"line":16,"column":null}},"10":{"start":{"line":20,"column":4},"end":{"line":20,"column":null}},"11":{"start":{"line":20,"column":35},"end":{"line":20,"column":47}},"12":{"start":{"line":24,"column":4},"end":{"line":24,"column":null}},"13":{"start":{"line":25,"column":4},"end":{"line":25,"column":null}},"14":{"start":{"line":29,"column":18},"end":{"line":29,"column":null}},"15":{"start":{"line":29,"column":47},"end":{"line":29,"column":59}},"16":{"start":{"line":30,"column":4},"end":{"line":30,"column":null}},"17":{"start":{"line":30,"column":22},"end":{"line":30,"column":null}},"18":{"start":{"line":32,"column":4},"end":{"line":32,"column":null}},"19":{"start":{"line":33,"column":4},"end":{"line":33,"column":null}},"20":{"start":{"line":37,"column":18},"end":{"line":37,"column":null}},"21":{"start":{"line":37,"column":47},"end":{"line":37,"column":59}},"22":{"start":{"line":38,"column":4},"end":{"line":38,"column":null}},"23":{"start":{"line":38,"column":22},"end":{"line":38,"column":null}},"24":{"start":{"line":40,"column":4},"end":{"line":40,"column":null}},"25":{"start":{"line":41,"column":4},"end":{"line":41,"column":null}}},"fnMap":{"0":{"name":"(anonymous_0)","decl":{"start":{"line":8,"column":2},"end":{"line":8,"column":12}},"loc":{"start":{"line":8,"column":78},"end":{"line":17,"column":null}},"line":8},"1":{"name":"(anonymous_1)","decl":{"start":{"line":11,"column":22},"end":{"line":11,"column":30}},"loc":{"start":{"line":11,"column":37},"end":{"line":11,"column":65}},"line":11},"2":{"name":"(anonymous_2)","decl":{"start":{"line":14,"column":22},"end":{"line":14,"column":30}},"loc":{"start":{"line":14,"column":37},"end":{"line":14,"column":69}},"line":14},"3":{"name":"(anonymous_3)","decl":{"start":{"line":19,"column":2},"end":{"line":19,"column":13}},"loc":{"start":{"line":19,"column":51},"end":{"line":21,"column":null}},"line":19},"4":{"name":"(anonymous_4)","decl":{"start":{"line":20,"column":22},"end":{"line":20,"column":28}},"loc":{"start":{"line":20,"column":35},"end":{"line":20,"column":47}},"line":20},"5":{"name":"(anonymous_5)","decl":{"start":{"line":23,"column":2},"end":{"line":23,"column":9}},"loc":{"start":{"line":23,"column":45},"end":{"line":26,"column":null}},"line":23},"6":{"name":"(anonymous_6)","decl":{"start":{"line":28,"column":2},"end":{"line":28,"column":11}},"loc":{"start":{"line":28,"column":73},"end":{"line":34,"column":null}},"line":28},"7":{"name":"(anonymous_7)","decl":{"start":{"line":29,"column":29},"end":{"line":29,"column":40}},"loc":{"start":{"line":29,"column":47},"end":{"line":29,"column":59}},"line":29},"8":{"name":"(anonymous_8)","decl":{"start":{"line":36,"column":2},"end":{"line":36,"column":11}},"loc":{"start":{"line":36,"column":35},"end":{"line":42,"column":null}},"line":36},"9":{"name":"(anonymous_9)","decl":{"start":{"line":37,"column":29},"end":{"line":37,"column":40}},"loc":{"start":{"line":37,"column":47},"end":{"line":37,"column":59}},"line":37}},"branchMap":{"0":{"loc":{"start":{"line":10,"column":4},"end":{"line":12,"column":null}},"type":"if","locations":[{"start":{"line":10,"column":4},"end":{"line":12,"column":null}},{"start":{},"end":{}}],"line":10},"1":{"loc":{"start":{"line":13,"column":4},"end":{"line":15,"column":null}},"type":"if","locations":[{"start":{"line":13,"column":4},"end":{"line":15,"column":null}},{"start":{},"end":{}}],"line":13},"2":{"loc":{"start":{"line":30,"column":4},"end":{"line":30,"column":null}},"type":"if","locations":[{"start":{"line":30,"column":4},"end":{"line":30,"column":null}},{"start":{},"end":{}}],"line":30},"3":{"loc":{"start":{"line":38,"column":4},"end":{"line":38,"column":null}},"type":"if","locations":[{"start":{"line":38,"column":4},"end":{"line":38,"column":null}},{"start":{},"end":{}}],"line":38}},"s":{"0":2,"1":2,"2":2,"3":2,"4":1,"5":7,"6":2,"7":0,"8":0,"9":2,"10":5,"11":28,"12":4,"13":4,"14":1,"15":6,"16":1,"17":0,"18":1,"19":1,"20":1,"21":5,"22":1,"23":0,"24":1,"25":1},"f":{"0":2,"1":7,"2":0,"3":5,"4":28,"5":4,"6":1,"7":6,"8":1,"9":5},"b":{"0":[1,1],"1":[0,2],"2":[0,1],"3":[0,1]},"meta":{"lastBranch":4,"lastFunction":10,"lastStatement":26,"seen":{"s:5:30:5:Infinity":0,"s:7:35:43:Infinity":1,"f:8:2:8:12":0,"s:9:17:9:Infinity":2,"b:10:4:12:Infinity:undefined:undefined:undefined:undefined":0,"s:10:4:12:Infinity":3,"s:11:6:11:Infinity":4,"f:11:22:11:30":1,"s:11:37:11:65":5,"b:13:4:15:Infinity:undefined:undefined:undefined:undefined":1,"s:13:4:15:Infinity":6,"s:14:6:14:Infinity":7,"f:14:22:14:30":2,"s:14:37:14:69":8,"s:16:4:16:Infinity":9,"f:19:2:19:13":3,"s:20:4:20:Infinity":10,"f:20:22:20:28":4,"s:20:35:20:47":11,"f:23:2:23:9":5,"s:24:4:24:Infinity":12,"s:25:4:25:Infinity":13,"f:28:2:28:11":6,"s:29:18:29:Infinity":14,"f:29:29:29:40":7,"s:29:47:29:59":15,"b:30:4:30:Infinity:undefined:undefined:undefined:undefined":2,"s:30:4:30:Infinity":16,"s:30:22:30:Infinity":17,"s:32:4:32:Infinity":18,"s:33:4:33:Infinity":19,"f:36:2:36:11":8,"s:37:18:37:Infinity":20,"f:37:29:37:40":9,"s:37:47:37:59":21,"b:38:4:38:Infinity:undefined:undefined:undefined:undefined":3,"s:38:4:38:Infinity":22,"s:38:22:38:Infinity":23,"s:40:4:40:Infinity":24,"s:41:4:41:Infinity":25},"fnNames":{}}}
,"D:\\OneDrive\\Desktop\\work-order-tracker\\server\\src\\routes\\auth.ts": {"path":"D:\\OneDrive\\Desktop\\work-order-tracker\\server\\src\\routes\\auth.ts","statementMap":{"0":{"start":{"line":5,"column":15},"end":{"line":5,"column":22}},"1":{"start":{"line":7,"column":0},"end":{"line":15,"column":null}},"2":{"start":{"line":8,"column":2},"end":{"line":14,"column":null}},"3":{"start":{"line":9,"column":35},"end":{"line":9,"column":null}},"4":{"start":{"line":10,"column":19},"end":{"line":10,"column":null}},"5":{"start":{"line":11,"column":4},"end":{"line":11,"column":null}},"6":{"start":{"line":13,"column":4},"end":{"line":13,"column":null}},"7":{"start":{"line":17,"column":0},"end":{"line":22,"column":null}},"8":{"start":{"line":18,"column":2},"end":{"line":21,"column":null}}},"fnMap":{"0":{"name":"(anonymous_0)","decl":{"start":{"line":7,"column":22},"end":{"line":7,"column":29}},"loc":{"start":{"line":7,"column":81},"end":{"line":15,"column":1}},"line":7},"1":{"name":"(anonymous_1)","decl":{"start":{"line":17,"column":18},"end":{"line":17,"column":32}},"loc":{"start":{"line":17,"column":77},"end":{"line":22,"column":1}},"line":17}},"branchMap":{},"s":{"0":1,"1":1,"2":2,"3":2,"4":2,"5":2,"6":0,"7":1,"8":0},"f":{"0":2,"1":0},"b":{},"meta":{"lastBranch":0,"lastFunction":2,"lastStatement":9,"seen":{"s:5:15:5:22":0,"s:7:0:15:Infinity":1,"f:7:22:7:29":0,"s:8:2:14:Infinity":2,"s:9:35:9:Infinity":3,"s:10:19:10:Infinity":4,"s:11:4:11:Infinity":5,"s:13:4:13:Infinity":6,"s:17:0:22:Infinity":7,"f:17:18:17:32":1,"s:18:2:21:Infinity":8},"fnNames":{}}}
,"D:\\OneDrive\\Desktop\\work-order-tracker\\server\\src\\routes\\workOrders.ts": {"path":"D:\\OneDrive\\Desktop\\work-order-tracker\\server\\src\\routes\\workOrders.ts","statementMap":{"0":{"start":{"line":6,"column":15},"end":{"line":6,"column":22}},"1":{"start":{"line":7,"column":0},"end":{"line":7,"column":null}},"2":{"start":{"line":9,"column":0},"end":{"line":17,"column":null}},"3":{"start":{"line":10,"column":2},"end":{"line":16,"column":null}},"4":{"start":{"line":11,"column":20},"end":{"line":11,"column":null}},"5":{"start":{"line":12,"column":23},"end":{"line":12,"column":null}},"6":{"start":{"line":13,"column":4},"end":{"line":13,"column":null}},"7":{"start":{"line":15,"column":4},"end":{"line":15,"column":null}},"8":{"start":{"line":20,"column":0},"end":{"line":27,"column":null}},"9":{"start":{"line":21,"column":2},"end":{"line":26,"column":null}},"10":{"start":{"line":22,"column":22},"end":{"line":22,"column":null}},"11":{"start":{"line":23,"column":4},"end":{"line":23,"column":null}},"12":{"start":{"line":25,"column":4},"end":{"line":25,"column":null}},"13":{"start":{"line":30,"column":0},"end":{"line":38,"column":null}},"14":{"start":{"line":31,"column":2},"end":{"line":37,"column":null}},"15":{"start":{"line":32,"column":26},"end":{"line":32,"column":null}},"16":{"start":{"line":33,"column":25},"end":{"line":33,"column":null}},"17":{"start":{"line":34,"column":4},"end":{"line":34,"column":null}},"18":{"start":{"line":36,"column":4},"end":{"line":36,"column":null}},"19":{"start":{"line":41,"column":0},"end":{"line":49,"column":null}},"20":{"start":{"line":42,"column":2},"end":{"line":48,"column":null}},"21":{"start":{"line":43,"column":26},"end":{"line":43,"column":null}},"22":{"start":{"line":44,"column":29},"end":{"line":44,"column":null}},"23":{"start":{"line":45,"column":4},"end":{"line":45,"column":null}},"24":{"start":{"line":47,"column":4},"end":{"line":47,"column":null}},"25":{"start":{"line":52,"column":0},"end":{"line":59,"column":null}},"26":{"start":{"line":53,"column":2},"end":{"line":58,"column":null}},"27":{"start":{"line":54,"column":4},"end":{"line":54,"column":null}},"28":{"start":{"line":55,"column":4},"end":{"line":55,"column":null}},"29":{"start":{"line":57,"column":4},"end":{"line":57,"column":null}}},"fnMap":{"0":{"name":"(anonymous_0)","decl":{"start":{"line":9,"column":11},"end":{"line":9,"column":17}},"loc":{"start":{"line":9,"column":69},"end":{"line":17,"column":1}},"line":9},"1":{"name":"(anonymous_1)","decl":{"start":{"line":20,"column":11},"end":{"line":20,"column":20}},"loc":{"start":{"line":20,"column":72},"end":{"line":27,"column":1}},"line":20},"2":{"name":"(anonymous_2)","decl":{"start":{"line":30,"column":12},"end":{"line":30,"column":18}},"loc":{"start":{"line":30,"column":70},"end":{"line":38,"column":1}},"line":30},"3":{"name":"(anonymous_3)","decl":{"start":{"line":41,"column":13},"end":{"line":41,"column":22}},"loc":{"start":{"line":41,"column":74},"end":{"line":49,"column":1}},"line":41},"4":{"name":"(anonymous_4)","decl":{"start":{"line":52,"column":40},"end":{"line":52,"column":44}},"loc":{"start":{"line":52,"column":96},"end":{"line":59,"column":1}},"line":52}},"branchMap":{},"s":{"0":1,"1":1,"2":1,"3":1,"4":1,"5":1,"6":1,"7":0,"8":1,"9":1,"10":1,"11":1,"12":1,"13":1,"14":2,"15":2,"16":2,"17":2,"18":1,"19":1,"20":0,"21":0,"22":0,"23":0,"24":0,"25":1,"26":1,"27":1,"28":1,"29":0},"f":{"0":1,"1":1,"2":2,"3":0,"4":1},"b":{},"meta":{"lastBranch":0,"lastFunction":5,"lastStatement":30,"seen":{"s:6:15:6:22":0,"s:7:0:7:Infinity":1,"s:9:0:17:Infinity":2,"f:9:11:9:17":0,"s:10:2:16:Infinity":3,"s:11:20:11:Infinity":4,"s:12:23:12:Infinity":5,"s:13:4:13:Infinity":6,"s:15:4:15:Infinity":7,"s:20:0:27:Infinity":8,"f:20:11:20:20":1,"s:21:2:26:Infinity":9,"s:22:22:22:Infinity":10,"s:23:4:23:Infinity":11,"s:25:4:25:Infinity":12,"s:30:0:38:Infinity":13,"f:30:12:30:18":2,"s:31:2:37:Infinity":14,"s:32:26:32:Infinity":15,"s:33:25:33:Infinity":16,"s:34:4:34:Infinity":17,"s:36:4:36:Infinity":18,"s:41:0:49:Infinity":19,"f:41:13:41:22":3,"s:42:2:48:Infinity":20,"s:43:26:43:Infinity":21,"s:44:29:44:Infinity":22,"s:45:4:45:Infinity":23,"s:47:4:47:Infinity":24,"s:52:0:59:Infinity":25,"f:52:40:52:44":4,"s:53:2:58:Infinity":26,"s:54:4:54:Infinity":27,"s:55:4:55:Infinity":28,"s:57:4:57:Infinity":29},"fnNames":{}}}
,"D:\\OneDrive\\Desktop\\work-order-tracker\\server\\src\\services\\authService.ts": {"path":"D:\\OneDrive\\Desktop\\work-order-tracker\\server\\src\\services\\authService.ts","statementMap":{"0":{"start":{"line":4,"column":18},"end":{"line":4,"column":null}},"1":{"start":{"line":5,"column":14},"end":{"line":16,"column":null}},"2":{"start":{"line":23,"column":27},"end":{"line":61,"column":null}},"3":{"start":{"line":25,"column":4},"end":{"line":29,"column":null}},"4":{"start":{"line":26,"column":20},"end":{"line":26,"column":null}},"5":{"start":{"line":27,"column":6},"end":{"line":27,"column":null}},"6":{"start":{"line":28,"column":6},"end":{"line":28,"column":null}},"7":{"start":{"line":31,"column":17},"end":{"line":31,"column":null}},"8":{"start":{"line":31,"column":35},"end":{"line":31,"column":58}},"9":{"start":{"line":32,"column":4},"end":{"line":36,"column":null}},"10":{"start":{"line":33,"column":20},"end":{"line":33,"column":null}},"11":{"start":{"line":34,"column":6},"end":{"line":34,"column":null}},"12":{"start":{"line":35,"column":6},"end":{"line":35,"column":null}},"13":{"start":{"line":38,"column":26},"end":{"line":38,"column":null}},"14":{"start":{"line":38,"column":88},"end":{"line":38,"column":93}},"15":{"start":{"line":39,"column":26},"end":{"line":39,"column":null}},"16":{"start":{"line":41,"column":4},"end":{"line":45,"column":null}},"17":{"start":{"line":42,"column":20},"end":{"line":42,"column":null}},"18":{"start":{"line":43,"column":6},"end":{"line":43,"column":null}},"19":{"start":{"line":44,"column":6},"end":{"line":44,"column":null}},"20":{"start":{"line":47,"column":18},"end":{"line":51,"column":null}},"21":{"start":{"line":53,"column":4},"end":{"line":53,"column":null}},"22":{"start":{"line":57,"column":17},"end":{"line":57,"column":null}},"23":{"start":{"line":57,"column":35},"end":{"line":57,"column":58}},"24":{"start":{"line":58,"column":4},"end":{"line":58,"column":null}},"25":{"start":{"line":58,"column":15},"end":{"line":58,"column":null}},"26":{"start":{"line":59,"column":4},"end":{"line":59,"column":null}}},"fnMap":{"0":{"name":"(anonymous_0)","decl":{"start":{"line":24,"column":9},"end":{"line":24,"column":16}},"loc":{"start":{"line":24,"column":56},"end":{"line":54,"column":null}},"line":24},"1":{"name":"(anonymous_1)","decl":{"start":{"line":31,"column":23},"end":{"line":31,"column":29}},"loc":{"start":{"line":31,"column":35},"end":{"line":31,"column":58}},"line":31},"2":{"name":"(anonymous_2)","decl":{"start":{"line":38,"column":76},"end":{"line":38,"column":88}},"loc":{"start":{"line":38,"column":88},"end":{"line":38,"column":93}},"line":38},"3":{"name":"(anonymous_3)","decl":{"start":{"line":56,"column":2},"end":{"line":56,"column":22}},"loc":{"start":{"line":56,"column":43},"end":{"line":60,"column":null}},"line":56},"4":{"name":"(anonymous_4)","decl":{"start":{"line":57,"column":23},"end":{"line":57,"column":29}},"loc":{"start":{"line":57,"column":35},"end":{"line":57,"column":58}},"line":57}},"branchMap":{"0":{"loc":{"start":{"line":25,"column":4},"end":{"line":29,"column":null}},"type":"if","locations":[{"start":{"line":25,"column":4},"end":{"line":29,"column":null}},{"start":{},"end":{}}],"line":25},"1":{"loc":{"start":{"line":32,"column":4},"end":{"line":36,"column":null}},"type":"if","locations":[{"start":{"line":32,"column":4},"end":{"line":36,"column":null}},{"start":{},"end":{}}],"line":32},"2":{"loc":{"start":{"line":41,"column":4},"end":{"line":45,"column":null}},"type":"if","locations":[{"start":{"line":41,"column":4},"end":{"line":45,"column":null}},{"start":{},"end":{}}],"line":41},"3":{"loc":{"start":{"line":41,"column":8},"end":{"line":41,"column":42}},"type":"binary-expr","locations":[{"start":{"line":41,"column":8},"end":{"line":41,"column":26}},{"start":{"line":41,"column":26},"end":{"line":41,"column":42}}],"line":41},"4":{"loc":{"start":{"line":58,"column":4},"end":{"line":58,"column":null}},"type":"if","locations":[{"start":{"line":58,"column":4},"end":{"line":58,"column":null}},{"start":{},"end":{}}],"line":58}},"s":{"0":1,"1":1,"2":1,"3":2,"4":0,"5":0,"6":0,"7":2,"8":3,"9":2,"10":0,"11":0,"12":0,"13":2,"14":0,"15":2,"16":2,"17":0,"18":0,"19":0,"20":2,"21":2,"22":0,"23":0,"24":0,"25":0,"26":0},"f":{"0":2,"1":3,"2":0,"3":0,"4":0},"b":{"0":[0,2],"1":[0,2],"2":[0,2],"3":[2,2],"4":[0,0]},"meta":{"lastBranch":5,"lastFunction":5,"lastStatement":27,"seen":{"s:4:18:4:Infinity":0,"s:5:14:16:Infinity":1,"s:23:27:61:Infinity":2,"f:24:9:24:16":0,"b:25:4:29:Infinity:undefined:undefined:undefined:undefined":0,"s:25:4:29:Infinity":3,"s:26:20:26:Infinity":4,"s:27:6:27:Infinity":5,"s:28:6:28:Infinity":6,"s:31:17:31:Infinity":7,"f:31:23:31:29":1,"s:31:35:31:58":8,"b:32:4:36:Infinity:undefined:undefined:undefined:undefined":1,"s:32:4:36:Infinity":9,"s:33:20:33:Infinity":10,"s:34:6:34:Infinity":11,"s:35:6:35:Infinity":12,"s:38:26:38:Infinity":13,"f:38:76:38:88":2,"s:38:88:38:93":14,"s:39:26:39:Infinity":15,"b:41:4:45:Infinity:undefined:undefined:undefined:undefined":2,"s:41:4:45:Infinity":16,"b:41:8:41:26:41:26:41:42":3,"s:42:20:42:Infinity":17,"s:43:6:43:Infinity":18,"s:44:6:44:Infinity":19,"s:47:18:51:Infinity":20,"s:53:4:53:Infinity":21,"f:56:2:56:22":3,"s:57:17:57:Infinity":22,"f:57:23:57:29":4,"s:57:35:57:58":23,"b:58:4:58:Infinity:undefined:undefined:undefined:undefined":4,"s:58:4:58:Infinity":24,"s:58:15:58:Infinity":25,"s:59:4:59:Infinity":26},"fnNames":{}}}
,"D:\\OneDrive\\Desktop\\work-order-tracker\\server\\src\\services\\workOrderService.ts": {"path":"D:\\OneDrive\\Desktop\\work-order-tracker\\server\\src\\services\\workOrderService.ts","statementMap":{"0":{"start":{"line":5,"column":32},"end":{"line":74,"column":null}},"1":{"start":{"line":7,"column":4},"end":{"line":7,"column":null}},"2":{"start":{"line":11,"column":22},"end":{"line":11,"column":null}},"3":{"start":{"line":12,"column":4},"end":{"line":16,"column":null}},"4":{"start":{"line":13,"column":20},"end":{"line":13,"column":null}},"5":{"start":{"line":14,"column":6},"end":{"line":14,"column":null}},"6":{"start":{"line":15,"column":6},"end":{"line":15,"column":null}},"7":{"start":{"line":17,"column":4},"end":{"line":17,"column":null}},"8":{"start":{"line":23,"column":16},"end":{"line":23,"column":null}},"9":{"start":{"line":24,"column":36},"end":{"line":29,"column":null}},"10":{"start":{"line":31,"column":4},"end":{"line":31,"column":null}},"11":{"start":{"line":35,"column":21},"end":{"line":35,"column":null}},"12":{"start":{"line":36,"column":4},"end":{"line":40,"column":null}},"13":{"start":{"line":37,"column":20},"end":{"line":37,"column":null}},"14":{"start":{"line":38,"column":6},"end":{"line":38,"column":null}},"15":{"start":{"line":39,"column":6},"end":{"line":39,"column":null}},"16":{"start":{"line":43,"column":4},"end":{"line":47,"column":null}},"17":{"start":{"line":44,"column":20},"end":{"line":44,"column":null}},"18":{"start":{"line":45,"column":6},"end":{"line":45,"column":null}},"19":{"start":{"line":46,"column":6},"end":{"line":46,"column":null}},"20":{"start":{"line":49,"column":44},"end":{"line":52,"column":null}},"21":{"start":{"line":54,"column":29},"end":{"line":54,"column":null}},"22":{"start":{"line":55,"column":4},"end":{"line":59,"column":null}},"23":{"start":{"line":56,"column":20},"end":{"line":56,"column":null}},"24":{"start":{"line":57,"column":6},"end":{"line":57,"column":null}},"25":{"start":{"line":58,"column":6},"end":{"line":58,"column":null}},"26":{"start":{"line":61,"column":4},"end":{"line":61,"column":null}},"27":{"start":{"line":65,"column":21},"end":{"line":65,"column":null}},"28":{"start":{"line":66,"column":4},"end":{"line":70,"column":null}},"29":{"start":{"line":67,"column":20},"end":{"line":67,"column":null}},"30":{"start":{"line":68,"column":6},"end":{"line":68,"column":null}},"31":{"start":{"line":69,"column":6},"end":{"line":69,"column":null}},"32":{"start":{"line":72,"column":4},"end":{"line":72,"column":null}}},"fnMap":{"0":{"name":"(anonymous_0)","decl":{"start":{"line":6,"column":2},"end":{"line":6,"column":21}},"loc":{"start":{"line":6,"column":74},"end":{"line":8,"column":null}},"line":6},"1":{"name":"(anonymous_1)","decl":{"start":{"line":10,"column":2},"end":{"line":10,"column":21}},"loc":{"start":{"line":10,"column":36},"end":{"line":18,"column":null}},"line":10},"2":{"name":"(anonymous_2)","decl":{"start":{"line":20,"column":2},"end":{"line":20,"column":null}},"loc":{"start":{"line":22,"column":18},"end":{"line":32,"column":null}},"line":22},"3":{"name":"(anonymous_3)","decl":{"start":{"line":34,"column":2},"end":{"line":34,"column":20}},"loc":{"start":{"line":34,"column":75},"end":{"line":62,"column":null}},"line":34},"4":{"name":"(anonymous_4)","decl":{"start":{"line":64,"column":2},"end":{"line":64,"column":20}},"loc":{"start":{"line":64,"column":41},"end":{"line":73,"column":null}},"line":64}},"branchMap":{"0":{"loc":{"start":{"line":12,"column":4},"end":{"line":16,"column":null}},"type":"if","locations":[{"start":{"line":12,"column":4},"end":{"line":16,"column":null}},{"start":{},"end":{}}],"line":12},"1":{"loc":{"start":{"line":36,"column":4},"end":{"line":40,"column":null}},"type":"if","locations":[{"start":{"line":36,"column":4},"end":{"line":40,"column":null}},{"start":{},"end":{}}],"line":36},"2":{"loc":{"start":{"line":43,"column":4},"end":{"line":47,"column":null}},"type":"if","locations":[{"start":{"line":43,"column":4},"end":{"line":47,"column":null}},{"start":{},"end":{}}],"line":43},"3":{"loc":{"start":{"line":43,"column":8},"end":{"line":43,"column":67}},"type":"binary-expr","locations":[{"start":{"line":43,"column":8},"end":{"line":43,"column":40}},{"start":{"line":43,"column":40},"end":{"line":43,"column":67}}],"line":43},"4":{"loc":{"start":{"line":55,"column":4},"end":{"line":59,"column":null}},"type":"if","locations":[{"start":{"line":55,"column":4},"end":{"line":59,"column":null}},{"start":{},"end":{}}],"line":55},"5":{"loc":{"start":{"line":66,"column":4},"end":{"line":70,"column":null}},"type":"if","locations":[{"start":{"line":66,"column":4},"end":{"line":70,"column":null}},{"start":{},"end":{}}],"line":66}},"s":{"0":2,"1":2,"2":1,"3":1,"4":1,"5":1,"6":1,"7":0,"8":4,"9":4,"10":4,"11":3,"12":3,"13":1,"14":1,"15":1,"16":2,"17":1,"18":1,"19":1,"20":1,"21":1,"22":1,"23":0,"24":0,"25":0,"26":1,"27":1,"28":1,"29":0,"30":0,"31":0,"32":1},"f":{"0":2,"1":1,"2":4,"3":3,"4":1},"b":{"0":[1,0],"1":[1,2],"2":[1,1],"3":[2,1],"4":[0,1],"5":[0,1]},"meta":{"lastBranch":6,"lastFunction":5,"lastStatement":33,"seen":{"s:5:32:74:Infinity":0,"f:6:2:6:21":0,"s:7:4:7:Infinity":1,"f:10:2:10:21":1,"s:11:22:11:Infinity":2,"b:12:4:16:Infinity:undefined:undefined:undefined:undefined":0,"s:12:4:16:Infinity":3,"s:13:20:13:Infinity":4,"s:14:6:14:Infinity":5,"s:15:6:15:Infinity":6,"s:17:4:17:Infinity":7,"f:20:2:20:Infinity":2,"s:23:16:23:Infinity":8,"s:24:36:29:Infinity":9,"s:31:4:31:Infinity":10,"f:34:2:34:20":3,"s:35:21:35:Infinity":11,"b:36:4:40:Infinity:undefined:undefined:undefined:undefined":1,"s:36:4:40:Infinity":12,"s:37:20:37:Infinity":13,"s:38:6:38:Infinity":14,"s:39:6:39:Infinity":15,"b:43:4:47:Infinity:undefined:undefined:undefined:undefined":2,"s:43:4:47:Infinity":16,"b:43:8:43:40:43:40:43:67":3,"s:44:20:44:Infinity":17,"s:45:6:45:Infinity":18,"s:46:6:46:Infinity":19,"s:49:44:52:Infinity":20,"s:54:29:54:Infinity":21,"b:55:4:59:Infinity:undefined:undefined:undefined:undefined":4,"s:55:4:59:Infinity":22,"s:56:20:56:Infinity":23,"s:57:6:57:Infinity":24,"s:58:6:58:Infinity":25,"s:61:4:61:Infinity":26,"f:64:2:64:20":4,"s:65:21:65:Infinity":27,"b:66:4:70:Infinity:undefined:undefined:undefined:undefined":5,"s:66:4:70:Infinity":28,"s:67:20:67:Infinity":29,"s:68:6:68:Infinity":30,"s:69:6:69:Infinity":31,"s:72:4:72:Infinity":32},"fnNames":{}}}
}
